<?xml version="1.0" encoding="UTF-8"?>
<!-- Generated by org.testng.reporters.JUnitReportReporter -->
<testsuite hostname="DELL3520I7" failures="0" tests="3" name="suaglab_package.myclass" time="11.503" errors="0" timestamp="2023-10-24T12:43:02 EET" skipped="0">
  <testcase classname="suaglab_package.myclass" name="LoginWithStandardUSer" time="3.420"/>
  <system-out/>
  <testcase classname="suaglab_package.myclass" name="LoginWithProblemUser" time="3.330"/>
  <system-out/>
  <testcase classname="suaglab_package.myclass" name="LoginWithPerformanceUser" time="4.753"/>
  <system-out/>
</testsuite> <!-- suaglab_package.myclass -->
